# JRE version: Java(TM) SE Runtime Environment (8.0_201-b09) (build 1.8.0_201-b09)
# Java VM: Java HotSpot(TM) 64-Bit Server VM (25.201-b09 mixed mode linux-amd64 compressed oops)
Heap:
 PSYoungGen      total 67584K, used 5102K [0x00000000d7e00000, 0x00000000dc500000, 0x0000000100000000)
  eden space 62464K, 0% used [0x00000000d7e00000,0x00000000d7e00000,0x00000000dbb00000)
  from space 5120K, 99% used [0x00000000dbb00000,0x00000000dbffbb40,0x00000000dc000000)
  to   space 5120K, 0% used [0x00000000dc000000,0x00000000dc000000,0x00000000dc500000)
 ParOldGen       total 83456K, used 37253K [0x0000000087a00000, 0x000000008cb80000, 0x00000000d7e00000)
  object space 83456K, 44% used [0x0000000087a00000,0x0000000089e61728,0x000000008cb80000)
 Metaspace       used 14789K, capacity 15000K, committed 15104K, reserved 1062912K
  class space    used 1870K, capacity 1966K, committed 2048K, reserved 1048576K
GC Heap History (5 events):
Event: 0.768 GC heap before
{Heap before GC invocations=1 (full 0):
 PSYoungGen      total 36352K, used 31232K [0x00000000d7e00000, 0x00000000da680000, 0x0000000100000000)
  eden space 31232K, 100% used [0x00000000d7e00000,0x00000000d9c80000,0x00000000d9c80000)
  from space 5120K, 0% used [0x00000000da180000,0x00000000da180000,0x00000000da680000)
  to   space 5120K, 0% used [0x00000000d9c80000,0x00000000d9c80000,0x00000000da180000)
 ParOldGen       total 83456K, used 0K [0x0000000087a00000, 0x000000008cb80000, 0x00000000d7e00000)
  object space 83456K, 0% used [0x0000000087a00000,0x0000000087a00000,0x000000008cb80000)
 Metaspace       used 2841K, capacity 4480K, committed 4480K, reserved 1056768K
  class space    used 301K, capacity 384K, committed 384K, reserved 1048576K
Event: 0.810 GC heap after
Heap after GC invocations=1 (full 0):
 PSYoungGen      total 36352K, used 5119K [0x00000000d7e00000, 0x00000000dc500000, 0x0000000100000000)
  eden space 31232K, 0% used [0x00000000d7e00000,0x00000000d7e00000,0x00000000d9c80000)
  from space 5120K, 99% used [0x00000000d9c80000,0x00000000da17fc10,0x00000000da180000)
  to   space 5120K, 0% used [0x00000000dc000000,0x00000000dc000000,0x00000000dc500000)
 ParOldGen       total 83456K, used 10167K [0x0000000087a00000, 0x000000008cb80000, 0x00000000d7e00000)
  object space 83456K, 12% used [0x0000000087a00000,0x00000000883edd98,0x000000008cb80000)
 Metaspace       used 2841K, capacity 4480K, committed 4480K, reserved 1056768K
  class space    used 301K, capacity 384K, committed 384K, reserved 1048576K
}
Event: 2.920 GC heap before
{Heap before GC invocations=2 (full 0):
 PSYoungGen      total 36352K, used 35978K [0x00000000d7e00000, 0x00000000dc500000, 0x0000000100000000)
  eden space 31232K, 98% used [0x00000000d7e00000,0x00000000d9c22c70,0x00000000d9c80000)
  from space 5120K, 99% used [0x00000000d9c80000,0x00000000da17fc10,0x00000000da180000)
  to   space 5120K, 0% used [0x00000000dc000000,0x00000000dc000000,0x00000000dc500000)
 ParOldGen       total 83456K, used 10167K [0x0000000087a00000, 0x000000008cb80000, 0x00000000d7e00000)
  object space 83456K, 12% used [0x0000000087a00000,0x00000000883edd98,0x000000008cb80000)
 Metaspace       used 5235K, capacity 5298K, committed 5504K, reserved 1056768K
  class space    used 576K, capacity 593K, committed 640K, reserved 1048576K
Event: 3.080 GC heap after
Heap after GC invocations=2 (full 0):
 PSYoungGen      total 67584K, used 5117K [0x00000000d7e00000, 0x00000000dc500000, 0x0000000100000000)
  eden space 62464K, 0% used [0x00000000d7e00000,0x00000000d7e00000,0x00000000dbb00000)
  from space 5120K, 99% used [0x00000000dc000000,0x00000000dc4ff7a8,0x00000000dc500000)
  to   space 5120K, 0% used [0x00000000dbb00000,0x00000000dbb00000,0x00000000dc000000)
 ParOldGen       total 83456K, used 27402K [0x0000000087a00000, 0x000000008cb80000, 0x00000000d7e00000)
  object space 83456K, 32% used [0x0000000087a00000,0x00000000894c2b58,0x000000008cb80000)
 Metaspace       used 5235K, capacity 5298K, committed 5504K, reserved 1056768K
  class space    used 576K, capacity 593K, committed 640K, reserved 1048576K
}
Event: 24.006 GC heap before
{Heap before GC invocations=3 (full 0):
 PSYoungGen      total 67584K, used 66280K [0x00000000d7e00000, 0x00000000dc500000, 0x0000000100000000)
  eden space 62464K, 97% used [0x00000000d7e00000,0x00000000db9babd0,0x00000000dbb00000)
  from space 5120K, 99% used [0x00000000dc000000,0x00000000dc4ff7a8,0x00000000dc500000)
  to   space 5120K, 0% used [0x00000000dbb00000,0x00000000dbb00000,0x00000000dc000000)
 ParOldGen       total 83456K, used 27402K [0x0000000087a00000, 0x000000008cb80000, 0x00000000d7e00000)
  object space 83456K, 32% used [0x0000000087a00000,0x00000000894c2b58,0x000000008cb80000)
 Metaspace       used 14789K, capacity 15000K, committed 15104K, reserved 1062912K
  class space    used 1870K, capacity 1966K, committed 2048K, reserved 1048576K

