# JRE version: Java(TM) SE Runtime Environment (8.0_201-b09) (build 1.8.0_201-b09)
# Java VM: Java HotSpot(TM) 64-Bit Server VM (25.201-b09 mixed mode linux-amd64 compressed oops)
Heap:
 PSYoungGen      total 130048K, used 5093K [0x00000000d7e00000, 0x00000000e0200000, 0x0000000100000000)
  eden space 124928K, 0% used [0x00000000d7e00000,0x00000000d7e00000,0x00000000df800000)
  from space 5120K, 99% used [0x00000000df800000,0x00000000dfcf94e0,0x00000000dfd00000)
  to   space 5120K, 0% used [0x00000000dfd00000,0x00000000dfd00000,0x00000000e0200000)
 ParOldGen       total 83456K, used 46496K [0x0000000087a00000, 0x000000008cb80000, 0x00000000d7e00000)
  object space 83456K, 55% used [0x0000000087a00000,0x000000008a768180,0x000000008cb80000)
 Metaspace       used 20601K, capacity 21142K, committed 21248K, reserved 1067008K
  class space    used 2562K, capacity 2762K, committed 2816K, reserved 1048576K
GC Heap History (9 events):
Event: 0.287 GC heap before
{Heap before GC invocations=1 (full 0):
 PSYoungGen      total 36352K, used 31232K [0x00000000d7e00000, 0x00000000da680000, 0x0000000100000000)
  eden space 31232K, 100% used [0x00000000d7e00000,0x00000000d9c80000,0x00000000d9c80000)
  from space 5120K, 0% used [0x00000000da180000,0x00000000da180000,0x00000000da680000)
  to   space 5120K, 0% used [0x00000000d9c80000,0x00000000d9c80000,0x00000000da180000)
 ParOldGen       total 83456K, used 0K [0x0000000087a00000, 0x000000008cb80000, 0x00000000d7e00000)
  object space 83456K, 0% used [0x0000000087a00000,0x0000000087a00000,0x000000008cb80000)
 Metaspace       used 2842K, capacity 4480K, committed 4480K, reserved 1056768K
  class space    used 301K, capacity 384K, committed 384K, reserved 1048576K
Event: 0.348 GC heap after
Heap after GC invocations=1 (full 0):
 PSYoungGen      total 36352K, used 5118K [0x00000000d7e00000, 0x00000000dc500000, 0x0000000100000000)
  eden space 31232K, 0% used [0x00000000d7e00000,0x00000000d7e00000,0x00000000d9c80000)
  from space 5120K, 99% used [0x00000000d9c80000,0x00000000da17fba8,0x00000000da180000)
  to   space 5120K, 0% used [0x00000000dc000000,0x00000000dc000000,0x00000000dc500000)
 ParOldGen       total 83456K, used 11631K [0x0000000087a00000, 0x000000008cb80000, 0x00000000d7e00000)
  object space 83456K, 13% used [0x0000000087a00000,0x000000008855bc78,0x000000008cb80000)
 Metaspace       used 2842K, capacity 4480K, committed 4480K, reserved 1056768K
  class space    used 301K, capacity 384K, committed 384K, reserved 1048576K
}
Event: 0.700 GC heap before
{Heap before GC invocations=2 (full 0):
 PSYoungGen      total 36352K, used 35961K [0x00000000d7e00000, 0x00000000dc500000, 0x0000000100000000)
  eden space 31232K, 98% used [0x00000000d7e00000,0x00000000d9c1ea80,0x00000000d9c80000)
  from space 5120K, 99% used [0x00000000d9c80000,0x00000000da17fba8,0x00000000da180000)
  to   space 5120K, 0% used [0x00000000dc000000,0x00000000dc000000,0x00000000dc500000)
 ParOldGen       total 83456K, used 11631K [0x0000000087a00000, 0x000000008cb80000, 0x00000000d7e00000)
  object space 83456K, 13% used [0x0000000087a00000,0x000000008855bc78,0x000000008cb80000)
 Metaspace       used 5242K, capacity 5298K, committed 5504K, reserved 1056768K
  class space    used 576K, capacity 593K, committed 640K, reserved 1048576K
Event: 0.707 GC heap after
Heap after GC invocations=2 (full 0):
 PSYoungGen      total 67584K, used 5118K [0x00000000d7e00000, 0x00000000dc500000, 0x0000000100000000)
  eden space 62464K, 0% used [0x00000000d7e00000,0x00000000d7e00000,0x00000000dbb00000)
  from space 5120K, 99% used [0x00000000dc000000,0x00000000dc4ffab8,0x00000000dc500000)
  to   space 5120K, 0% used [0x00000000dbb00000,0x00000000dbb00000,0x00000000dc000000)
 ParOldGen       total 83456K, used 17058K [0x0000000087a00000, 0x000000008cb80000, 0x00000000d7e00000)
  object space 83456K, 20% used [0x0000000087a00000,0x0000000088aa88e0,0x000000008cb80000)
 Metaspace       used 5242K, capacity 5298K, committed 5504K, reserved 1056768K
  class space    used 576K, capacity 593K, committed 640K, reserved 1048576K
}
Event: 2.316 GC heap before
{Heap before GC invocations=3 (full 0):
 PSYoungGen      total 67584K, used 67582K [0x00000000d7e00000, 0x00000000dc500000, 0x0000000100000000)
  eden space 62464K, 100% used [0x00000000d7e00000,0x00000000dbb00000,0x00000000dbb00000)
  from space 5120K, 99% used [0x00000000dc000000,0x00000000dc4ffab8,0x00000000dc500000)
  to   space 5120K, 0% used [0x00000000dbb00000,0x00000000dbb00000,0x00000000dc000000)
 ParOldGen       total 83456K, used 17058K [0x0000000087a00000, 0x000000008cb80000, 0x00000000d7e00000)
  object space 83456K, 20% used [0x0000000087a00000,0x0000000088aa88e0,0x000000008cb80000)
 Metaspace       used 14797K, capacity 15000K, committed 15104K, reserved 1062912K
  class space    used 1868K, capacity 1966K, committed 2048K, reserved 1048576K
Event: 2.359 GC heap after
Heap after GC invocations=3 (full 0):
 PSYoungGen      total 67584K, used 5103K [0x00000000d7e00000, 0x00000000e0200000, 0x0000000100000000)
  eden space 62464K, 0% used [0x00000000d7e00000,0x00000000d7e00000,0x00000000dbb00000)
  from space 5120K, 99% used [0x00000000dbb00000,0x00000000dbffbeb8,0x00000000dc000000)
  to   space 5120K, 0% used [0x00000000dfd00000,0x00000000dfd00000,0x00000000e0200000)
 ParOldGen       total 83456K, used 28839K [0x0000000087a00000, 0x000000008cb80000, 0x00000000d7e00000)
  object space 83456K, 34% used [0x0000000087a00000,0x0000000089629f60,0x000000008cb80000)
 Metaspace       used 14797K, capacity 15000K, committed 15104K, reserved 1062912K
  class space    used 1868K, capacity 1966K, committed 2048K, reserved 1048576K
}
Event: 4.533 GC heap before
{Heap before GC invocations=4 (full 0):
 PSYoungGen      total 67584K, used 67567K [0x00000000d7e00000, 0x00000000e0200000, 0x0000000100000000)
  eden space 62464K, 100% used [0x00000000d7e00000,0x00000000dbb00000,0x00000000dbb00000)
  from space 5120K, 99% used [0x00000000dbb00000,0x00000000dbffbeb8,0x00000000dc000000)
  to   space 5120K, 0% used [0x00000000dfd00000,0x00000000dfd00000,0x00000000e0200000)
 ParOldGen       total 83456K, used 28839K [0x0000000087a00000, 0x000000008cb80000, 0x00000000d7e00000)
  object space 83456K, 34% used [0x0000000087a00000,0x0000000089629f60,0x000000008cb80000)
 Metaspace       used 19255K, capacity 19790K, committed 19968K, reserved 1067008K
  class space    used 2493K, capacity 2697K, committed 2816K, reserved 1048576K
Event: 4.762 GC heap after
Heap after GC invocations=4 (full 0):
 PSYoungGen      total 130048K, used 5104K [0x00000000d7e00000, 0x00000000e0200000, 0x0000000100000000)
  eden space 124928K, 0% used [0x00000000d7e00000,0x00000000d7e00000,0x00000000df800000)
  from space 5120K, 99% used [0x00000000dfd00000,0x00000000e01fc040,0x00000000e0200000)
  to   space 5120K, 0% used [0x00000000df800000,0x00000000df800000,0x00000000dfd00000)
 ParOldGen       total 83456K, used 42367K [0x0000000087a00000, 0x000000008cb80000, 0x00000000d7e00000)
  object space 83456K, 50% used [0x0000000087a00000,0x000000008a35ff70,0x000000008cb80000)
 Metaspace       used 19255K, capacity 19790K, committed 19968K, reserved 1067008K
  class space    used 2493K, capacity 2697K, committed 2816K, reserved 1048576K
}
Event: 17.398 GC heap before
{Heap before GC invocations=5 (full 0):
 PSYoungGen      total 130048K, used 36349K [0x00000000d7e00000, 0x00000000e0200000, 0x0000000100000000)
  eden space 124928K, 25% used [0x00000000d7e00000,0x00000000d9c833d8,0x00000000df800000)
  from space 5120K, 99% used [0x00000000dfd00000,0x00000000e01fc040,0x00000000e0200000)
  to   space 5120K, 0% used [0x00000000df800000,0x00000000df800000,0x00000000dfd00000)
 ParOldGen       total 83456K, used 42367K [0x0000000087a00000, 0x000000008cb80000, 0x00000000d7e00000)
  object space 83456K, 50% used [0x0000000087a00000,0x000000008a35ff70,0x000000008cb80000)
 Metaspace       used 20601K, capacity 21142K, committed 21248K, reserved 1067008K
  class space    used 2562K, capacity 2762K, committed 2816K, reserved 1048576K

